<?xml version="1.0" encoding="UTF-8"?>
<!-- Generated by org.testng.reporters.JUnitReportReporter -->
<testsuite hostname="DESKTOP-PB18A7O" failures="0" tests="3" name="spendNSaveTests.ProductTests" time="14.583" errors="0" timestamp="2022-03-31T17:07:35 EDT" skipped="0">
  <testcase classname="spendNSaveTests.ProductTests" name="isProductPage" time="1.552"/>
  <system-out/>
  <testcase classname="spendNSaveTests.ProductTests" name="cardProducts" time="6.602"/>
  <system-out/>
  <testcase classname="spendNSaveTests.ProductTests" name="emptyCheckBoxes" time="6.429"/>
  <system-out/>
</testsuite> <!-- spendNSaveTests.ProductTests -->
